2018-02-24 00:02:01,766 - gitissues - INFO - Start fetching issues from Github...
2018-02-24 00:02:01,768 - gitissues.issues - INFO - Check git remote status before further updates: 
2018-02-24 00:02:09,002 - gitissues.issues - INFO - Already up-to-date.

2018-02-24 00:02:09,004 - gitissues.issues - INFO - Now retriving [https://api.github.com/repos/solomonxie/solomonxie.github.io/issues?client_id=0c08b801005ee3005ded&client_secret=da1a866f28556cc27e6ee12ca7c07c35bb548e5b]...
2018-02-24 00:02:11,215 - gitissues.issues - DEBUG - Remaining 4993 requests limit for this hour.
2018-02-24 00:02:11,218 - gitissues.issues - INFO - Filtering updated and deleted items...
2018-02-24 00:02:11,296 - gitissues.issues - INFO - 0 updates to be fetched...
2018-02-24 00:02:11,298 - gitissues.issues - INFO - 0 deletes to be executed...
2018-02-24 00:04:01,838 - gitissues - INFO - Start fetching issues from Github...
2018-02-24 00:04:01,839 - gitissues.issues - INFO - Check git remote status before further updates: 
2018-02-24 00:04:11,300 - gitissues.issues - INFO - Already up-to-date.

2018-02-24 00:04:11,302 - gitissues.issues - INFO - Now retriving [https://api.github.com/repos/solomonxie/solomonxie.github.io/issues?client_id=0c08b801005ee3005ded&client_secret=da1a866f28556cc27e6ee12ca7c07c35bb548e5b]...
2018-02-24 00:04:13,345 - gitissues.issues - DEBUG - Remaining 4992 requests limit for this hour.
2018-02-24 00:04:13,346 - gitissues.issues - INFO - Filtering updated and deleted items...
2018-02-24 00:04:13,423 - gitissues.issues - INFO - 0 updates to be fetched...
2018-02-24 00:04:13,424 - gitissues.issues - INFO - 0 deletes to be executed...
2018-02-24 00:06:02,321 - gitissues - INFO - Start fetching issues from Github...
2018-02-24 00:06:02,323 - gitissues.issues - INFO - Check git remote status before further updates: 
2018-02-24 00:06:12,325 - gitissues.issues - INFO - Already up-to-date.

2018-02-24 00:06:12,327 - gitissues.issues - INFO - Now retriving [https://api.github.com/repos/solomonxie/solomonxie.github.io/issues?client_id=0c08b801005ee3005ded&client_secret=da1a866f28556cc27e6ee12ca7c07c35bb548e5b]...
2018-02-24 00:06:19,409 - gitissues.issues - DEBUG - Remaining 4999 requests limit for this hour.
2018-02-24 00:06:19,410 - gitissues.issues - INFO - Filtering updated and deleted items...
2018-02-24 00:06:19,489 - gitissues.issues - INFO - 0 updates to be fetched...
2018-02-24 00:06:19,490 - gitissues.issues - INFO - 0 deletes to be executed...
2018-02-24 00:08:02,206 - gitissues - INFO - Start fetching issues from Github...
2018-02-24 00:08:02,208 - gitissues.issues - INFO - Check git remote status before further updates: 
2018-02-24 00:08:12,064 - gitissues.issues - INFO - Already up-to-date.

2018-02-24 00:08:12,066 - gitissues.issues - INFO - Now retriving [https://api.github.com/repos/solomonxie/solomonxie.github.io/issues?client_id=0c08b801005ee3005ded&client_secret=da1a866f28556cc27e6ee12ca7c07c35bb548e5b]...
2018-02-24 00:08:14,146 - gitissues.issues - DEBUG - Remaining 4998 requests limit for this hour.
2018-02-24 00:08:14,147 - gitissues.issues - INFO - Filtering updated and deleted items...
2018-02-24 00:08:14,187 - gitissues.issues - INFO - 0 updates to be fetched...
2018-02-24 00:08:14,188 - gitissues.issues - INFO - 0 deletes to be executed...
2018-02-24 00:10:02,634 - gitissues - INFO - Start fetching issues from Github...
2018-02-24 00:10:02,635 - gitissues.issues - INFO - Check git remote status before further updates: 
2018-02-24 00:10:11,440 - gitissues.issues - INFO - Already up-to-date.

2018-02-24 00:10:11,441 - gitissues.issues - INFO - Now retriving [https://api.github.com/repos/solomonxie/solomonxie.github.io/issues?client_id=0c08b801005ee3005ded&client_secret=da1a866f28556cc27e6ee12ca7c07c35bb548e5b]...
2018-02-24 00:10:18,647 - gitissues.issues - DEBUG - Remaining 4997 requests limit for this hour.
2018-02-24 00:10:18,649 - gitissues.issues - INFO - Filtering updated and deleted items...
2018-02-24 00:10:18,726 - gitissues.issues - INFO - 0 updates to be fetched...
2018-02-24 00:10:18,727 - gitissues.issues - INFO - 0 deletes to be executed...
2018-02-24 00:12:02,241 - gitissues - INFO - Start fetching issues from Github...
2018-02-24 00:12:02,242 - gitissues.issues - INFO - Check git remote status before further updates: 
2018-02-24 00:12:09,236 - gitissues.issues - INFO - Already up-to-date.

2018-02-24 00:12:09,238 - gitissues.issues - INFO - Now retriving [https://api.github.com/repos/solomonxie/solomonxie.github.io/issues?client_id=0c08b801005ee3005ded&client_secret=da1a866f28556cc27e6ee12ca7c07c35bb548e5b]...
2018-02-24 00:12:11,497 - gitissues.issues - DEBUG - Remaining 4996 requests limit for this hour.
2018-02-24 00:12:11,499 - gitissues.issues - INFO - Filtering updated and deleted items...
2018-02-24 00:12:11,585 - gitissues.issues - INFO - 0 updates to be fetched...
2018-02-24 00:12:11,596 - gitissues.issues - INFO - 0 deletes to be executed...
2018-02-24 00:14:02,190 - gitissues - INFO - Start fetching issues from Github...
2018-02-24 00:14:02,191 - gitissues.issues - INFO - Check git remote status before further updates: 
2018-02-24 00:14:08,358 - gitissues.issues - INFO - Already up-to-date.

2018-02-24 00:14:08,360 - gitissues.issues - INFO - Now retriving [https://api.github.com/repos/solomonxie/solomonxie.github.io/issues?client_id=0c08b801005ee3005ded&client_secret=da1a866f28556cc27e6ee12ca7c07c35bb548e5b]...
2018-02-24 00:14:10,236 - gitissues.issues - DEBUG - Remaining 4995 requests limit for this hour.
2018-02-24 00:14:10,237 - gitissues.issues - INFO - Filtering updated and deleted items...
2018-02-24 00:14:10,314 - gitissues.issues - INFO - 0 updates to be fetched...
2018-02-24 00:14:10,315 - gitissues.issues - INFO - 0 deletes to be executed...
2018-02-24 00:16:02,093 - gitissues - INFO - Start fetching issues from Github...
2018-02-24 00:16:02,095 - gitissues.issues - INFO - Check git remote status before further updates: 
2018-02-24 00:16:09,027 - gitissues.issues - INFO - Already up-to-date.

2018-02-24 00:16:09,029 - gitissues.issues - INFO - Now retriving [https://api.github.com/repos/solomonxie/solomonxie.github.io/issues?client_id=0c08b801005ee3005ded&client_secret=da1a866f28556cc27e6ee12ca7c07c35bb548e5b]...
2018-02-24 00:16:15,981 - gitissues.issues - DEBUG - Remaining 4994 requests limit for this hour.
2018-02-24 00:16:15,983 - gitissues.issues - INFO - Filtering updated and deleted items...
2018-02-24 00:16:16,058 - gitissues.issues - INFO - 0 updates to be fetched...
2018-02-24 00:16:16,060 - gitissues.issues - INFO - 0 deletes to be executed...
2018-02-24 00:18:01,917 - gitissues - INFO - Start fetching issues from Github...
2018-02-24 00:18:01,919 - gitissues.issues - INFO - Check git remote status before further updates: 
2018-02-24 00:18:11,836 - gitissues.issues - INFO - Already up-to-date.

2018-02-24 00:18:11,838 - gitissues.issues - INFO - Now retriving [https://api.github.com/repos/solomonxie/solomonxie.github.io/issues?client_id=0c08b801005ee3005ded&client_secret=da1a866f28556cc27e6ee12ca7c07c35bb548e5b]...
2018-02-24 00:18:14,372 - gitissues.issues - DEBUG - Remaining 4993 requests limit for this hour.
2018-02-24 00:18:14,373 - gitissues.issues - INFO - Filtering updated and deleted items...
2018-02-24 00:18:14,451 - gitissues.issues - INFO - 0 updates to be fetched...
2018-02-24 00:18:14,452 - gitissues.issues - INFO - 0 deletes to be executed...
2018-02-24 00:20:02,335 - gitissues - INFO - Start fetching issues from Github...
2018-02-24 00:20:02,337 - gitissues.issues - INFO - Check git remote status before further updates: 
2018-02-24 00:20:12,521 - gitissues.issues - INFO - Already up-to-date.

2018-02-24 00:20:12,523 - gitissues.issues - INFO - Now retriving [https://api.github.com/repos/solomonxie/solomonxie.github.io/issues?client_id=0c08b801005ee3005ded&client_secret=da1a866f28556cc27e6ee12ca7c07c35bb548e5b]...
2018-02-24 00:20:14,422 - gitissues.issues - DEBUG - Remaining 4992 requests limit for this hour.
2018-02-24 00:20:14,423 - gitissues.issues - INFO - Filtering updated and deleted items...
2018-02-24 00:20:14,512 - gitissues.issues - INFO - 0 updates to be fetched...
2018-02-24 00:20:14,514 - gitissues.issues - INFO - 0 deletes to be executed...
2018-02-24 00:22:02,301 - gitissues - INFO - Start fetching issues from Github...
2018-02-24 00:22:02,303 - gitissues.issues - INFO - Check git remote status before further updates: 
2018-02-24 00:22:08,912 - gitissues.issues - INFO - Already up-to-date.

2018-02-24 00:22:08,914 - gitissues.issues - INFO - Now retriving [https://api.github.com/repos/solomonxie/solomonxie.github.io/issues?client_id=0c08b801005ee3005ded&client_secret=da1a866f28556cc27e6ee12ca7c07c35bb548e5b]...
2018-02-24 00:22:15,886 - gitissues.issues - DEBUG - Remaining 4991 requests limit for this hour.
2018-02-24 00:22:15,887 - gitissues.issues - INFO - Filtering updated and deleted items...
2018-02-24 00:22:15,964 - gitissues.issues - INFO - 0 updates to be fetched...
2018-02-24 00:22:15,965 - gitissues.issues - INFO - 0 deletes to be executed...
2018-02-24 00:24:01,479 - gitissues - INFO - Start fetching issues from Github...
2018-02-24 00:24:01,480 - gitissues.issues - INFO - Check git remote status before further updates: 
2018-02-24 00:24:11,188 - gitissues.issues - INFO - Already up-to-date.

2018-02-24 00:24:11,189 - gitissues.issues - INFO - Now retriving [https://api.github.com/repos/solomonxie/solomonxie.github.io/issues?client_id=0c08b801005ee3005ded&client_secret=da1a866f28556cc27e6ee12ca7c07c35bb548e5b]...
2018-02-24 00:24:13,024 - gitissues.issues - DEBUG - Remaining 4990 requests limit for this hour.
2018-02-24 00:24:13,026 - gitissues.issues - INFO - Filtering updated and deleted items...
2018-02-24 00:24:13,089 - gitissues.issues - INFO - 0 updates to be fetched...
2018-02-24 00:24:13,091 - gitissues.issues - INFO - 0 deletes to be executed...
2018-02-24 00:26:01,708 - gitissues - INFO - Start fetching issues from Github...
2018-02-24 00:26:01,710 - gitissues.issues - INFO - Check git remote status before further updates: 
2018-02-24 00:26:18,660 - gitissues.issues - INFO - Already up-to-date.

2018-02-24 00:26:18,662 - gitissues.issues - INFO - Now retriving [https://api.github.com/repos/solomonxie/solomonxie.github.io/issues?client_id=0c08b801005ee3005ded&client_secret=da1a866f28556cc27e6ee12ca7c07c35bb548e5b]...
2018-02-24 00:26:20,876 - gitissues.issues - DEBUG - Remaining 4989 requests limit for this hour.
2018-02-24 00:26:20,878 - gitissues.issues - INFO - Filtering updated and deleted items...
2018-02-24 00:26:20,966 - gitissues.issues - INFO - 0 updates to be fetched...
2018-02-24 00:26:20,968 - gitissues.issues - INFO - 0 deletes to be executed...
2018-02-24 00:28:01,839 - gitissues - INFO - Start fetching issues from Github...
2018-02-24 00:28:01,841 - gitissues.issues - INFO - Check git remote status before further updates: 
2018-02-24 00:28:09,034 - gitissues.issues - INFO - Already up-to-date.

2018-02-24 00:28:09,037 - gitissues.issues - INFO - Now retriving [https://api.github.com/repos/solomonxie/solomonxie.github.io/issues?client_id=0c08b801005ee3005ded&client_secret=da1a866f28556cc27e6ee12ca7c07c35bb548e5b]...
2018-02-24 00:28:10,828 - gitissues.issues - DEBUG - Remaining 4988 requests limit for this hour.
2018-02-24 00:28:10,830 - gitissues.issues - INFO - Filtering updated and deleted items...
2018-02-24 00:28:10,906 - gitissues.issues - INFO - 0 updates to be fetched...
2018-02-24 00:28:10,908 - gitissues.issues - INFO - 0 deletes to be executed...
2018-02-24 00:30:01,785 - gitissues - INFO - Start fetching issues from Github...
2018-02-24 00:30:01,786 - gitissues.issues - INFO - Check git remote status before further updates: 
2018-02-24 00:30:14,350 - gitissues.issues - INFO - Already up-to-date.

2018-02-24 00:30:14,352 - gitissues.issues - INFO - Now retriving [https://api.github.com/repos/solomonxie/solomonxie.github.io/issues?client_id=0c08b801005ee3005ded&client_secret=da1a866f28556cc27e6ee12ca7c07c35bb548e5b]...
2018-02-24 00:30:16,425 - gitissues.issues - DEBUG - Remaining 4987 requests limit for this hour.
2018-02-24 00:30:16,427 - gitissues.issues - INFO - Filtering updated and deleted items...
2018-02-24 00:30:16,504 - gitissues.issues - INFO - 0 updates to be fetched...
2018-02-24 00:30:16,505 - gitissues.issues - INFO - 0 deletes to be executed...
2018-02-24 00:32:02,094 - gitissues - INFO - Start fetching issues from Github...
2018-02-24 00:32:02,095 - gitissues.issues - INFO - Check git remote status before further updates: 
2018-02-24 00:32:11,649 - gitissues.issues - INFO - Already up-to-date.

2018-02-24 00:32:11,651 - gitissues.issues - INFO - Now retriving [https://api.github.com/repos/solomonxie/solomonxie.github.io/issues?client_id=0c08b801005ee3005ded&client_secret=da1a866f28556cc27e6ee12ca7c07c35bb548e5b]...
2018-02-24 00:32:13,556 - gitissues.issues - DEBUG - Remaining 4986 requests limit for this hour.
2018-02-24 00:32:13,558 - gitissues.issues - INFO - Filtering updated and deleted items...
2018-02-24 00:32:13,634 - gitissues.issues - INFO - 0 updates to be fetched...
2018-02-24 00:32:13,635 - gitissues.issues - INFO - 0 deletes to be executed...
2018-02-24 00:34:02,199 - gitissues - INFO - Start fetching issues from Github...
2018-02-24 00:34:02,199 - gitissues.issues - INFO - Check git remote status before further updates: 
2018-02-24 00:34:08,861 - gitissues.issues - INFO - Already up-to-date.

2018-02-24 00:34:08,863 - gitissues.issues - INFO - Now retriving [https://api.github.com/repos/solomonxie/solomonxie.github.io/issues?client_id=0c08b801005ee3005ded&client_secret=da1a866f28556cc27e6ee12ca7c07c35bb548e5b]...
2018-02-24 00:34:15,700 - gitissues.issues - DEBUG - Remaining 4985 requests limit for this hour.
2018-02-24 00:34:15,702 - gitissues.issues - INFO - Filtering updated and deleted items...
2018-02-24 00:34:15,779 - gitissues.issues - INFO - 0 updates to be fetched...
2018-02-24 00:34:15,781 - gitissues.issues - INFO - 0 deletes to be executed...
2018-02-24 00:36:02,681 - gitissues - INFO - Start fetching issues from Github...
2018-02-24 00:36:02,682 - gitissues.issues - INFO - Check git remote status before further updates: 
2018-02-24 00:36:08,879 - gitissues.issues - INFO - Already up-to-date.

2018-02-24 00:36:08,881 - gitissues.issues - INFO - Now retriving [https://api.github.com/repos/solomonxie/solomonxie.github.io/issues?client_id=0c08b801005ee3005ded&client_secret=da1a866f28556cc27e6ee12ca7c07c35bb548e5b]...
2018-02-24 00:36:16,106 - gitissues.issues - DEBUG - Remaining 4984 requests limit for this hour.
2018-02-24 00:36:16,108 - gitissues.issues - INFO - Filtering updated and deleted items...
2018-02-24 00:36:16,185 - gitissues.issues - INFO - 0 updates to be fetched...
2018-02-24 00:36:16,187 - gitissues.issues - INFO - 0 deletes to be executed...
2018-02-24 00:38:01,705 - gitissues - INFO - Start fetching issues from Github...
2018-02-24 00:38:01,707 - gitissues.issues - INFO - Check git remote status before further updates: 
2018-02-24 00:38:11,251 - gitissues.issues - INFO - Already up-to-date.

2018-02-24 00:38:11,254 - gitissues.issues - INFO - Now retriving [https://api.github.com/repos/solomonxie/solomonxie.github.io/issues?client_id=0c08b801005ee3005ded&client_secret=da1a866f28556cc27e6ee12ca7c07c35bb548e5b]...
2018-02-24 00:38:18,856 - gitissues.issues - DEBUG - Remaining 4983 requests limit for this hour.
2018-02-24 00:38:18,857 - gitissues.issues - INFO - Filtering updated and deleted items...
2018-02-24 00:38:18,934 - gitissues.issues - INFO - 0 updates to be fetched...
2018-02-24 00:38:18,936 - gitissues.issues - INFO - 0 deletes to be executed...
2018-02-24 00:40:01,959 - gitissues - INFO - Start fetching issues from Github...
2018-02-24 00:40:01,960 - gitissues.issues - INFO - Check git remote status before further updates: 
2018-02-24 00:40:10,889 - gitissues.issues - INFO - Already up-to-date.

2018-02-24 00:40:10,891 - gitissues.issues - INFO - Now retriving [https://api.github.com/repos/solomonxie/solomonxie.github.io/issues?client_id=0c08b801005ee3005ded&client_secret=da1a866f28556cc27e6ee12ca7c07c35bb548e5b]...
2018-02-24 00:40:12,752 - gitissues.issues - DEBUG - Remaining 4982 requests limit for this hour.
2018-02-24 00:40:12,754 - gitissues.issues - INFO - Filtering updated and deleted items...
2018-02-24 00:40:12,845 - gitissues.issues - INFO - 0 updates to be fetched...
2018-02-24 00:40:12,847 - gitissues.issues - INFO - 0 deletes to be executed...
2018-02-24 00:42:02,725 - gitissues - INFO - Start fetching issues from Github...
2018-02-24 00:42:02,727 - gitissues.issues - INFO - Check git remote status before further updates: 
2018-02-24 00:42:09,731 - gitissues.issues - INFO - Already up-to-date.

2018-02-24 00:42:09,732 - gitissues.issues - INFO - Now retriving [https://api.github.com/repos/solomonxie/solomonxie.github.io/issues?client_id=0c08b801005ee3005ded&client_secret=da1a866f28556cc27e6ee12ca7c07c35bb548e5b]...
2018-02-24 00:42:12,036 - gitissues.issues - DEBUG - Remaining 4981 requests limit for this hour.
2018-02-24 00:42:12,038 - gitissues.issues - INFO - Filtering updated and deleted items...
2018-02-24 00:42:12,114 - gitissues.issues - INFO - 0 updates to be fetched...
2018-02-24 00:42:12,115 - gitissues.issues - INFO - 0 deletes to be executed...
2018-02-24 00:44:01,665 - gitissues - INFO - Start fetching issues from Github...
2018-02-24 00:44:01,666 - gitissues.issues - INFO - Check git remote status before further updates: 
2018-02-24 00:44:11,526 - gitissues.issues - INFO - Already up-to-date.

2018-02-24 00:44:11,528 - gitissues.issues - INFO - Now retriving [https://api.github.com/repos/solomonxie/solomonxie.github.io/issues?client_id=0c08b801005ee3005ded&client_secret=da1a866f28556cc27e6ee12ca7c07c35bb548e5b]...
2018-02-24 00:44:14,387 - gitissues.issues - DEBUG - Remaining 4980 requests limit for this hour.
2018-02-24 00:44:14,389 - gitissues.issues - INFO - Filtering updated and deleted items...
2018-02-24 00:44:14,466 - gitissues.issues - INFO - 0 updates to be fetched...
2018-02-24 00:44:14,468 - gitissues.issues - INFO - 0 deletes to be executed...
2018-02-24 00:46:02,344 - gitissues - INFO - Start fetching issues from Github...
2018-02-24 00:46:02,346 - gitissues.issues - INFO - Check git remote status before further updates: 
2018-02-24 00:46:08,803 - gitissues.issues - INFO - Already up-to-date.

2018-02-24 00:46:08,805 - gitissues.issues - INFO - Now retriving [https://api.github.com/repos/solomonxie/solomonxie.github.io/issues?client_id=0c08b801005ee3005ded&client_secret=da1a866f28556cc27e6ee12ca7c07c35bb548e5b]...
2018-02-24 00:46:11,163 - gitissues.issues - DEBUG - Remaining 4979 requests limit for this hour.
2018-02-24 00:46:11,164 - gitissues.issues - INFO - Filtering updated and deleted items...
2018-02-24 00:46:11,240 - gitissues.issues - INFO - 0 updates to be fetched...
2018-02-24 00:46:11,242 - gitissues.issues - INFO - 0 deletes to be executed...
2018-02-24 00:48:01,800 - gitissues - INFO - Start fetching issues from Github...
2018-02-24 00:48:01,801 - gitissues.issues - INFO - Check git remote status before further updates: 
2018-02-24 00:48:08,791 - gitissues.issues - INFO - Already up-to-date.

2018-02-24 00:48:08,793 - gitissues.issues - INFO - Now retriving [https://api.github.com/repos/solomonxie/solomonxie.github.io/issues?client_id=0c08b801005ee3005ded&client_secret=da1a866f28556cc27e6ee12ca7c07c35bb548e5b]...
2018-02-24 00:48:10,563 - gitissues.issues - DEBUG - Remaining 4978 requests limit for this hour.
2018-02-24 00:48:10,565 - gitissues.issues - INFO - Filtering updated and deleted items...
2018-02-24 00:48:10,641 - gitissues.issues - INFO - 0 updates to be fetched...
2018-02-24 00:48:10,642 - gitissues.issues - INFO - 0 deletes to be executed...
2018-02-24 00:50:02,496 - gitissues - INFO - Start fetching issues from Github...
2018-02-24 00:50:02,498 - gitissues.issues - INFO - Check git remote status before further updates: 
2018-02-24 00:50:11,568 - gitissues.issues - INFO - Already up-to-date.

2018-02-24 00:50:11,569 - gitissues.issues - INFO - Now retriving [https://api.github.com/repos/solomonxie/solomonxie.github.io/issues?client_id=0c08b801005ee3005ded&client_secret=da1a866f28556cc27e6ee12ca7c07c35bb548e5b]...
2018-02-24 00:50:13,508 - gitissues.issues - DEBUG - Remaining 4977 requests limit for this hour.
2018-02-24 00:50:13,510 - gitissues.issues - INFO - Filtering updated and deleted items...
2018-02-24 00:50:13,586 - gitissues.issues - INFO - 0 updates to be fetched...
2018-02-24 00:50:13,587 - gitissues.issues - INFO - 0 deletes to be executed...
2018-02-24 00:52:02,487 - gitissues - INFO - Start fetching issues from Github...
2018-02-24 00:52:02,490 - gitissues.issues - INFO - Check git remote status before further updates: 
2018-02-24 00:52:09,163 - gitissues.issues - INFO - Already up-to-date.

2018-02-24 00:52:09,164 - gitissues.issues - INFO - Now retriving [https://api.github.com/repos/solomonxie/solomonxie.github.io/issues?client_id=0c08b801005ee3005ded&client_secret=da1a866f28556cc27e6ee12ca7c07c35bb548e5b]...
2018-02-24 00:52:12,037 - gitissues.issues - DEBUG - Remaining 4976 requests limit for this hour.
2018-02-24 00:52:12,039 - gitissues.issues - INFO - Filtering updated and deleted items...
2018-02-24 00:52:12,115 - gitissues.issues - INFO - 0 updates to be fetched...
2018-02-24 00:52:12,117 - gitissues.issues - INFO - 0 deletes to be executed...
2018-02-24 00:54:01,958 - gitissues - INFO - Start fetching issues from Github...
2018-02-24 00:54:01,960 - gitissues.issues - INFO - Check git remote status before further updates: 
2018-02-24 00:54:09,587 - gitissues.issues - INFO - Already up-to-date.

2018-02-24 00:54:09,589 - gitissues.issues - INFO - Now retriving [https://api.github.com/repos/solomonxie/solomonxie.github.io/issues?client_id=0c08b801005ee3005ded&client_secret=da1a866f28556cc27e6ee12ca7c07c35bb548e5b]...
2018-02-24 00:54:17,051 - gitissues.issues - DEBUG - Remaining 4975 requests limit for this hour.
2018-02-24 00:54:17,053 - gitissues.issues - INFO - Filtering updated and deleted items...
2018-02-24 00:54:17,129 - gitissues.issues - INFO - 0 updates to be fetched...
2018-02-24 00:54:17,131 - gitissues.issues - INFO - 0 deletes to be executed...
2018-02-24 00:56:01,925 - gitissues - INFO - Start fetching issues from Github...
2018-02-24 00:56:01,926 - gitissues.issues - INFO - Check git remote status before further updates: 
2018-02-24 00:56:08,774 - gitissues.issues - INFO - Already up-to-date.

2018-02-24 00:56:08,776 - gitissues.issues - INFO - Now retriving [https://api.github.com/repos/solomonxie/solomonxie.github.io/issues?client_id=0c08b801005ee3005ded&client_secret=da1a866f28556cc27e6ee12ca7c07c35bb548e5b]...
2018-02-24 00:56:10,595 - gitissues.issues - DEBUG - Remaining 4974 requests limit for this hour.
2018-02-24 00:56:10,596 - gitissues.issues - INFO - Filtering updated and deleted items...
2018-02-24 00:56:10,665 - gitissues.issues - INFO - 0 updates to be fetched...
2018-02-24 00:56:10,666 - gitissues.issues - INFO - 0 deletes to be executed...
2018-02-24 00:58:02,120 - gitissues - INFO - Start fetching issues from Github...
2018-02-24 00:58:02,121 - gitissues.issues - INFO - Check git remote status before further updates: 
2018-02-24 00:58:09,441 - gitissues.issues - INFO - Already up-to-date.

2018-02-24 00:58:09,443 - gitissues.issues - INFO - Now retriving [https://api.github.com/repos/solomonxie/solomonxie.github.io/issues?client_id=0c08b801005ee3005ded&client_secret=da1a866f28556cc27e6ee12ca7c07c35bb548e5b]...
2018-02-24 00:58:11,260 - gitissues.issues - DEBUG - Remaining 4973 requests limit for this hour.
2018-02-24 00:58:11,261 - gitissues.issues - INFO - Filtering updated and deleted items...
2018-02-24 00:58:11,338 - gitissues.issues - INFO - 0 updates to be fetched...
2018-02-24 00:58:11,339 - gitissues.issues - INFO - 0 deletes to be executed...
2018-02-24 01:00:02,231 - gitissues - INFO - Start fetching issues from Github...
2018-02-24 01:00:02,233 - gitissues.issues - INFO - Check git remote status before further updates: 
2018-02-24 01:00:12,148 - gitissues.issues - INFO - Already up-to-date.

2018-02-24 01:00:12,151 - gitissues.issues - INFO - Now retriving [https://api.github.com/repos/solomonxie/solomonxie.github.io/issues?client_id=0c08b801005ee3005ded&client_secret=da1a866f28556cc27e6ee12ca7c07c35bb548e5b]...
2018-02-24 01:00:14,276 - gitissues.issues - DEBUG - Remaining 4972 requests limit for this hour.
2018-02-24 01:00:14,278 - gitissues.issues - INFO - Filtering updated and deleted items...
2018-02-24 01:00:14,350 - gitissues.issues - INFO - 0 updates to be fetched...
2018-02-24 01:00:14,351 - gitissues.issues - INFO - 0 deletes to be executed...
2018-02-24 01:02:01,844 - gitissues - INFO - Start fetching issues from Github...
2018-02-24 01:02:01,846 - gitissues.issues - INFO - Check git remote status before further updates: 
2018-02-24 01:02:11,962 - gitissues.issues - INFO - Already up-to-date.

2018-02-24 01:02:11,964 - gitissues.issues - INFO - Now retriving [https://api.github.com/repos/solomonxie/solomonxie.github.io/issues?client_id=0c08b801005ee3005ded&client_secret=da1a866f28556cc27e6ee12ca7c07c35bb548e5b]...
2018-02-24 01:02:18,878 - gitissues.issues - DEBUG - Remaining 4971 requests limit for this hour.
2018-02-24 01:02:18,879 - gitissues.issues - INFO - Filtering updated and deleted items...
2018-02-24 01:02:18,956 - gitissues.issues - INFO - 0 updates to be fetched...
2018-02-24 01:02:18,957 - gitissues.issues - INFO - 0 deletes to be executed...
2018-02-24 01:04:01,806 - gitissues - INFO - Start fetching issues from Github...
2018-02-24 01:04:01,808 - gitissues.issues - INFO - Check git remote status before further updates: 
2018-02-24 01:04:10,132 - gitissues.issues - INFO - Already up-to-date.

2018-02-24 01:04:10,134 - gitissues.issues - INFO - Now retriving [https://api.github.com/repos/solomonxie/solomonxie.github.io/issues?client_id=0c08b801005ee3005ded&client_secret=da1a866f28556cc27e6ee12ca7c07c35bb548e5b]...
2018-02-24 01:04:12,260 - gitissues.issues - DEBUG - Remaining 4970 requests limit for this hour.
2018-02-24 01:04:12,261 - gitissues.issues - INFO - Filtering updated and deleted items...
2018-02-24 01:04:12,310 - gitissues.issues - INFO - 0 updates to be fetched...
2018-02-24 01:04:12,312 - gitissues.issues - INFO - 0 deletes to be executed...
2018-02-24 01:06:02,079 - gitissues - INFO - Start fetching issues from Github...
2018-02-24 01:06:02,081 - gitissues.issues - INFO - Check git remote status before further updates: 
2018-02-24 01:06:12,126 - gitissues.issues - INFO - Already up-to-date.

2018-02-24 01:06:12,127 - gitissues.issues - INFO - Now retriving [https://api.github.com/repos/solomonxie/solomonxie.github.io/issues?client_id=0c08b801005ee3005ded&client_secret=da1a866f28556cc27e6ee12ca7c07c35bb548e5b]...
2018-02-24 01:06:14,136 - gitissues.issues - DEBUG - Remaining 4969 requests limit for this hour.
2018-02-24 01:06:14,138 - gitissues.issues - INFO - Filtering updated and deleted items...
2018-02-24 01:06:14,215 - gitissues.issues - INFO - 0 updates to be fetched...
2018-02-24 01:06:14,217 - gitissues.issues - INFO - 0 deletes to be executed...
2018-02-24 01:08:02,032 - gitissues - INFO - Start fetching issues from Github...
2018-02-24 01:08:02,034 - gitissues.issues - INFO - Check git remote status before further updates: 
2018-02-24 01:08:09,387 - gitissues.issues - INFO - Already up-to-date.

2018-02-24 01:08:09,388 - gitissues.issues - INFO - Now retriving [https://api.github.com/repos/solomonxie/solomonxie.github.io/issues?client_id=0c08b801005ee3005ded&client_secret=da1a866f28556cc27e6ee12ca7c07c35bb548e5b]...
2018-02-24 01:08:11,101 - gitissues.issues - DEBUG - Remaining 4999 requests limit for this hour.
2018-02-24 01:08:11,103 - gitissues.issues - INFO - Filtering updated and deleted items...
2018-02-24 01:08:11,179 - gitissues.issues - INFO - 0 updates to be fetched...
2018-02-24 01:08:11,180 - gitissues.issues - INFO - 0 deletes to be executed...
2018-02-24 01:10:02,016 - gitissues - INFO - Start fetching issues from Github...
2018-02-24 01:10:02,017 - gitissues.issues - INFO - Check git remote status before further updates: 
2018-02-24 01:10:10,911 - gitissues.issues - INFO - Already up-to-date.

2018-02-24 01:10:10,912 - gitissues.issues - INFO - Now retriving [https://api.github.com/repos/solomonxie/solomonxie.github.io/issues?client_id=0c08b801005ee3005ded&client_secret=da1a866f28556cc27e6ee12ca7c07c35bb548e5b]...
2018-02-24 01:10:12,842 - gitissues.issues - DEBUG - Remaining 4998 requests limit for this hour.
2018-02-24 01:10:12,844 - gitissues.issues - INFO - Filtering updated and deleted items...
2018-02-24 01:10:12,924 - gitissues.issues - INFO - 0 updates to be fetched...
2018-02-24 01:10:12,926 - gitissues.issues - INFO - 0 deletes to be executed...
2018-02-24 01:12:01,719 - gitissues - INFO - Start fetching issues from Github...
2018-02-24 01:12:01,721 - gitissues.issues - INFO - Check git remote status before further updates: 
2018-02-24 01:12:08,988 - gitissues.issues - INFO - Already up-to-date.

2018-02-24 01:12:08,990 - gitissues.issues - INFO - Now retriving [https://api.github.com/repos/solomonxie/solomonxie.github.io/issues?client_id=0c08b801005ee3005ded&client_secret=da1a866f28556cc27e6ee12ca7c07c35bb548e5b]...
2018-02-24 01:12:11,167 - gitissues.issues - DEBUG - Remaining 4997 requests limit for this hour.
2018-02-24 01:12:11,169 - gitissues.issues - INFO - Filtering updated and deleted items...
2018-02-24 01:12:11,252 - gitissues.issues - INFO - 0 updates to be fetched...
2018-02-24 01:12:11,254 - gitissues.issues - INFO - 0 deletes to be executed...
2018-02-24 01:14:01,963 - gitissues - INFO - Start fetching issues from Github...
2018-02-24 01:14:01,965 - gitissues.issues - INFO - Check git remote status before further updates: 
2018-02-24 01:14:12,021 - gitissues.issues - INFO - Already up-to-date.

2018-02-24 01:14:12,023 - gitissues.issues - INFO - Now retriving [https://api.github.com/repos/solomonxie/solomonxie.github.io/issues?client_id=0c08b801005ee3005ded&client_secret=da1a866f28556cc27e6ee12ca7c07c35bb548e5b]...
2018-02-24 01:14:18,941 - gitissues.issues - DEBUG - Remaining 4996 requests limit for this hour.
2018-02-24 01:14:18,942 - gitissues.issues - INFO - Filtering updated and deleted items...
2018-02-24 01:14:19,018 - gitissues.issues - INFO - 0 updates to be fetched...
2018-02-24 01:14:19,020 - gitissues.issues - INFO - 0 deletes to be executed...
2018-02-24 01:16:01,611 - gitissues - INFO - Start fetching issues from Github...
2018-02-24 01:16:01,612 - gitissues.issues - INFO - Check git remote status before further updates: 
2018-02-24 01:16:08,412 - gitissues.issues - INFO - Already up-to-date.

2018-02-24 01:16:08,414 - gitissues.issues - INFO - Now retriving [https://api.github.com/repos/solomonxie/solomonxie.github.io/issues?client_id=0c08b801005ee3005ded&client_secret=da1a866f28556cc27e6ee12ca7c07c35bb548e5b]...
2018-02-24 01:16:15,605 - gitissues.issues - DEBUG - Remaining 4995 requests limit for this hour.
2018-02-24 01:16:15,607 - gitissues.issues - INFO - Filtering updated and deleted items...
2018-02-24 01:16:15,657 - gitissues.issues - INFO - 0 updates to be fetched...
2018-02-24 01:16:15,658 - gitissues.issues - INFO - 0 deletes to be executed...
2018-02-24 01:18:02,586 - gitissues - INFO - Start fetching issues from Github...
2018-02-24 01:18:02,588 - gitissues.issues - INFO - Check git remote status before further updates: 
2018-02-24 01:18:12,277 - gitissues.issues - INFO - Already up-to-date.

2018-02-24 01:18:12,280 - gitissues.issues - INFO - Now retriving [https://api.github.com/repos/solomonxie/solomonxie.github.io/issues?client_id=0c08b801005ee3005ded&client_secret=da1a866f28556cc27e6ee12ca7c07c35bb548e5b]...
2018-02-24 01:18:14,102 - gitissues.issues - DEBUG - Remaining 4994 requests limit for this hour.
2018-02-24 01:18:14,105 - gitissues.issues - INFO - Filtering updated and deleted items...
2018-02-24 01:18:14,198 - gitissues.issues - INFO - 0 updates to be fetched...
2018-02-24 01:18:14,199 - gitissues.issues - INFO - 0 deletes to be executed...
2018-02-24 01:20:01,724 - gitissues - INFO - Start fetching issues from Github...
2018-02-24 01:20:01,726 - gitissues.issues - INFO - Check git remote status before further updates: 
2018-02-24 01:20:10,446 - gitissues.issues - INFO - Already up-to-date.

2018-02-24 01:20:10,448 - gitissues.issues - INFO - Now retriving [https://api.github.com/repos/solomonxie/solomonxie.github.io/issues?client_id=0c08b801005ee3005ded&client_secret=da1a866f28556cc27e6ee12ca7c07c35bb548e5b]...
2018-02-24 01:20:17,437 - gitissues.issues - DEBUG - Remaining 4993 requests limit for this hour.
2018-02-24 01:20:17,440 - gitissues.issues - INFO - Filtering updated and deleted items...
2018-02-24 01:20:17,518 - gitissues.issues - INFO - 0 updates to be fetched...
2018-02-24 01:20:17,521 - gitissues.issues - INFO - 0 deletes to be executed...
2018-02-24 01:22:02,420 - gitissues - INFO - Start fetching issues from Github...
2018-02-24 01:22:02,422 - gitissues.issues - INFO - Check git remote status before further updates: 
2018-02-24 01:22:09,247 - gitissues.issues - INFO - Already up-to-date.

2018-02-24 01:22:09,249 - gitissues.issues - INFO - Now retriving [https://api.github.com/repos/solomonxie/solomonxie.github.io/issues?client_id=0c08b801005ee3005ded&client_secret=da1a866f28556cc27e6ee12ca7c07c35bb548e5b]...
2018-02-24 01:22:11,520 - gitissues.issues - DEBUG - Remaining 4992 requests limit for this hour.
2018-02-24 01:22:11,523 - gitissues.issues - INFO - Filtering updated and deleted items...
2018-02-24 01:22:11,600 - gitissues.issues - INFO - 0 updates to be fetched...
2018-02-24 01:22:11,602 - gitissues.issues - INFO - 0 deletes to be executed...
2018-02-24 01:24:02,117 - gitissues - INFO - Start fetching issues from Github...
2018-02-24 01:24:02,118 - gitissues.issues - INFO - Check git remote status before further updates: 
2018-02-24 01:24:11,872 - gitissues.issues - INFO - Already up-to-date.

2018-02-24 01:24:11,874 - gitissues.issues - INFO - Now retriving [https://api.github.com/repos/solomonxie/solomonxie.github.io/issues?client_id=0c08b801005ee3005ded&client_secret=da1a866f28556cc27e6ee12ca7c07c35bb548e5b]...
2018-02-24 01:24:18,955 - gitissues.issues - DEBUG - Remaining 4991 requests limit for this hour.
2018-02-24 01:24:18,957 - gitissues.issues - INFO - Filtering updated and deleted items...
2018-02-24 01:24:19,015 - gitissues.issues - INFO - 0 updates to be fetched...
2018-02-24 01:24:19,016 - gitissues.issues - INFO - 0 deletes to be executed...
2018-02-24 01:26:01,528 - gitissues - INFO - Start fetching issues from Github...
2018-02-24 01:26:01,529 - gitissues.issues - INFO - Check git remote status before further updates: 
2018-02-24 01:26:11,230 - gitissues.issues - INFO - Already up-to-date.

2018-02-24 01:26:11,232 - gitissues.issues - INFO - Now retriving [https://api.github.com/repos/solomonxie/solomonxie.github.io/issues?client_id=0c08b801005ee3005ded&client_secret=da1a866f28556cc27e6ee12ca7c07c35bb548e5b]...
2018-02-24 01:26:13,040 - gitissues.issues - DEBUG - Remaining 4990 requests limit for this hour.
2018-02-24 01:26:13,042 - gitissues.issues - INFO - Filtering updated and deleted items...
2018-02-24 01:26:13,118 - gitissues.issues - INFO - 0 updates to be fetched...
2018-02-24 01:26:13,120 - gitissues.issues - INFO - 0 deletes to be executed...
2018-02-24 01:28:02,017 - gitissues - INFO - Start fetching issues from Github...
2018-02-24 01:28:02,019 - gitissues.issues - INFO - Check git remote status before further updates: 
2018-02-24 01:28:09,107 - gitissues.issues - INFO - Already up-to-date.

2018-02-24 01:28:09,109 - gitissues.issues - INFO - Now retriving [https://api.github.com/repos/solomonxie/solomonxie.github.io/issues?client_id=0c08b801005ee3005ded&client_secret=da1a866f28556cc27e6ee12ca7c07c35bb548e5b]...
2018-02-24 01:28:11,192 - gitissues.issues - DEBUG - Remaining 4989 requests limit for this hour.
2018-02-24 01:28:11,193 - gitissues.issues - INFO - Filtering updated and deleted items...
2018-02-24 01:28:11,270 - gitissues.issues - INFO - 0 updates to be fetched...
2018-02-24 01:28:11,272 - gitissues.issues - INFO - 0 deletes to be executed...
2018-02-24 01:30:02,121 - gitissues - INFO - Start fetching issues from Github...
2018-02-24 01:30:02,123 - gitissues.issues - INFO - Check git remote status before further updates: 
2018-02-24 01:30:13,828 - gitissues.issues - INFO - Already up-to-date.

2018-02-24 01:30:13,831 - gitissues.issues - INFO - Now retriving [https://api.github.com/repos/solomonxie/solomonxie.github.io/issues?client_id=0c08b801005ee3005ded&client_secret=da1a866f28556cc27e6ee12ca7c07c35bb548e5b]...
2018-02-24 01:30:20,729 - gitissues.issues - DEBUG - Remaining 4988 requests limit for this hour.
2018-02-24 01:30:20,732 - gitissues.issues - INFO - Filtering updated and deleted items...
2018-02-24 01:30:20,812 - gitissues.issues - INFO - 0 updates to be fetched...
2018-02-24 01:30:20,814 - gitissues.issues - INFO - 0 deletes to be executed...
2018-02-24 01:32:02,688 - gitissues - INFO - Start fetching issues from Github...
2018-02-24 01:32:02,690 - gitissues.issues - INFO - Check git remote status before further updates: 
2018-02-24 01:32:12,664 - gitissues.issues - INFO - Already up-to-date.

2018-02-24 01:32:12,666 - gitissues.issues - INFO - Now retriving [https://api.github.com/repos/solomonxie/solomonxie.github.io/issues?client_id=0c08b801005ee3005ded&client_secret=da1a866f28556cc27e6ee12ca7c07c35bb548e5b]...
2018-02-24 01:32:14,774 - gitissues.issues - DEBUG - Remaining 4987 requests limit for this hour.
2018-02-24 01:32:14,775 - gitissues.issues - INFO - Filtering updated and deleted items...
2018-02-24 01:32:14,819 - gitissues.issues - INFO - 0 updates to be fetched...
2018-02-24 01:32:14,820 - gitissues.issues - INFO - 0 deletes to be executed...
2018-02-24 01:34:02,716 - gitissues - INFO - Start fetching issues from Github...
2018-02-24 01:34:02,718 - gitissues.issues - INFO - Check git remote status before further updates: 
2018-02-24 01:34:09,107 - gitissues.issues - INFO - Already up-to-date.

2018-02-24 01:34:09,109 - gitissues.issues - INFO - Now retriving [https://api.github.com/repos/solomonxie/solomonxie.github.io/issues?client_id=0c08b801005ee3005ded&client_secret=da1a866f28556cc27e6ee12ca7c07c35bb548e5b]...
2018-02-24 01:34:11,095 - gitissues.issues - DEBUG - Remaining 4986 requests limit for this hour.
2018-02-24 01:34:11,096 - gitissues.issues - INFO - Filtering updated and deleted items...
2018-02-24 01:34:11,136 - gitissues.issues - INFO - 0 updates to be fetched...
2018-02-24 01:34:11,137 - gitissues.issues - INFO - 0 deletes to be executed...
2018-02-24 01:36:01,903 - gitissues - INFO - Start fetching issues from Github...
2018-02-24 01:36:01,904 - gitissues.issues - INFO - Check git remote status before further updates: 
2018-02-24 01:36:09,207 - gitissues.issues - INFO - Already up-to-date.

2018-02-24 01:36:09,209 - gitissues.issues - INFO - Now retriving [https://api.github.com/repos/solomonxie/solomonxie.github.io/issues?client_id=0c08b801005ee3005ded&client_secret=da1a866f28556cc27e6ee12ca7c07c35bb548e5b]...
2018-02-24 01:36:17,249 - gitissues.issues - DEBUG - Remaining 4985 requests limit for this hour.
2018-02-24 01:36:17,251 - gitissues.issues - INFO - Filtering updated and deleted items...
2018-02-24 01:36:17,328 - gitissues.issues - INFO - 0 updates to be fetched...
2018-02-24 01:36:17,329 - gitissues.issues - INFO - 0 deletes to be executed...
2018-02-24 01:38:02,135 - gitissues - INFO - Start fetching issues from Github...
2018-02-24 01:38:02,135 - gitissues.issues - INFO - Check git remote status before further updates: 
2018-02-24 01:38:09,292 - gitissues.issues - INFO - Already up-to-date.

2018-02-24 01:38:09,294 - gitissues.issues - INFO - Now retriving [https://api.github.com/repos/solomonxie/solomonxie.github.io/issues?client_id=0c08b801005ee3005ded&client_secret=da1a866f28556cc27e6ee12ca7c07c35bb548e5b]...
2018-02-24 01:38:11,061 - gitissues.issues - DEBUG - Remaining 4984 requests limit for this hour.
2018-02-24 01:38:11,063 - gitissues.issues - INFO - Filtering updated and deleted items...
2018-02-24 01:38:11,142 - gitissues.issues - INFO - 0 updates to be fetched...
2018-02-24 01:38:11,143 - gitissues.issues - INFO - 0 deletes to be executed...
2018-02-24 01:40:02,415 - gitissues - INFO - Start fetching issues from Github...
2018-02-24 01:40:02,417 - gitissues.issues - INFO - Check git remote status before further updates: 
2018-02-24 01:40:12,863 - gitissues.issues - INFO - Already up-to-date.

2018-02-24 01:40:12,864 - gitissues.issues - INFO - Now retriving [https://api.github.com/repos/solomonxie/solomonxie.github.io/issues?client_id=0c08b801005ee3005ded&client_secret=da1a866f28556cc27e6ee12ca7c07c35bb548e5b]...
2018-02-24 01:40:14,756 - gitissues.issues - DEBUG - Remaining 4983 requests limit for this hour.
2018-02-24 01:40:14,758 - gitissues.issues - INFO - Filtering updated and deleted items...
2018-02-24 01:40:14,834 - gitissues.issues - INFO - 0 updates to be fetched...
2018-02-24 01:40:14,836 - gitissues.issues - INFO - 0 deletes to be executed...
2018-02-24 01:42:02,622 - gitissues - INFO - Start fetching issues from Github...
2018-02-24 01:42:02,624 - gitissues.issues - INFO - Check git remote status before further updates: 
2018-02-24 01:42:09,118 - gitissues.issues - INFO - Already up-to-date.

2018-02-24 01:42:09,120 - gitissues.issues - INFO - Now retriving [https://api.github.com/repos/solomonxie/solomonxie.github.io/issues?client_id=0c08b801005ee3005ded&client_secret=da1a866f28556cc27e6ee12ca7c07c35bb548e5b]...
2018-02-24 01:42:11,301 - gitissues.issues - DEBUG - Remaining 4982 requests limit for this hour.
2018-02-24 01:42:11,303 - gitissues.issues - INFO - Filtering updated and deleted items...
2018-02-24 01:42:11,378 - gitissues.issues - INFO - 0 updates to be fetched...
2018-02-24 01:42:11,380 - gitissues.issues - INFO - 0 deletes to be executed...
2018-02-24 01:44:02,216 - gitissues - INFO - Start fetching issues from Github...
2018-02-24 01:44:02,218 - gitissues.issues - INFO - Check git remote status before further updates: 
2018-02-24 01:44:11,959 - gitissues.issues - INFO - Already up-to-date.

2018-02-24 01:44:11,961 - gitissues.issues - INFO - Now retriving [https://api.github.com/repos/solomonxie/solomonxie.github.io/issues?client_id=0c08b801005ee3005ded&client_secret=da1a866f28556cc27e6ee12ca7c07c35bb548e5b]...
2018-02-24 01:44:13,764 - gitissues.issues - DEBUG - Remaining 4981 requests limit for this hour.
2018-02-24 01:44:13,766 - gitissues.issues - INFO - Filtering updated and deleted items...
2018-02-24 01:44:13,842 - gitissues.issues - INFO - 0 updates to be fetched...
2018-02-24 01:44:13,843 - gitissues.issues - INFO - 0 deletes to be executed...
2018-02-24 01:46:02,644 - gitissues - INFO - Start fetching issues from Github...
2018-02-24 01:46:02,646 - gitissues.issues - INFO - Check git remote status before further updates: 
2018-02-24 01:46:12,756 - gitissues.issues - INFO - Already up-to-date.

2018-02-24 01:46:12,758 - gitissues.issues - INFO - Now retriving [https://api.github.com/repos/solomonxie/solomonxie.github.io/issues?client_id=0c08b801005ee3005ded&client_secret=da1a866f28556cc27e6ee12ca7c07c35bb548e5b]...
2018-02-24 01:46:14,816 - gitissues.issues - DEBUG - Remaining 4980 requests limit for this hour.
2018-02-24 01:46:14,817 - gitissues.issues - INFO - Filtering updated and deleted items...
2018-02-24 01:46:14,857 - gitissues.issues - INFO - 0 updates to be fetched...
2018-02-24 01:46:14,857 - gitissues.issues - INFO - 0 deletes to be executed...
2018-02-24 01:48:02,523 - gitissues - INFO - Start fetching issues from Github...
2018-02-24 01:48:02,525 - gitissues.issues - INFO - Check git remote status before further updates: 
2018-02-24 01:48:12,468 - gitissues.issues - INFO - Already up-to-date.

2018-02-24 01:48:12,470 - gitissues.issues - INFO - Now retriving [https://api.github.com/repos/solomonxie/solomonxie.github.io/issues?client_id=0c08b801005ee3005ded&client_secret=da1a866f28556cc27e6ee12ca7c07c35bb548e5b]...
2018-02-24 01:48:14,368 - gitissues.issues - DEBUG - Remaining 4979 requests limit for this hour.
2018-02-24 01:48:14,369 - gitissues.issues - INFO - Filtering updated and deleted items...
2018-02-24 01:48:14,447 - gitissues.issues - INFO - 0 updates to be fetched...
2018-02-24 01:48:14,449 - gitissues.issues - INFO - 0 deletes to be executed...
2018-02-24 01:50:02,050 - gitissues - INFO - Start fetching issues from Github...
2018-02-24 01:50:02,051 - gitissues.issues - INFO - Check git remote status before further updates: 
2018-02-24 01:50:10,688 - gitissues.issues - INFO - Already up-to-date.

2018-02-24 01:50:10,691 - gitissues.issues - INFO - Now retriving [https://api.github.com/repos/solomonxie/solomonxie.github.io/issues?client_id=0c08b801005ee3005ded&client_secret=da1a866f28556cc27e6ee12ca7c07c35bb548e5b]...
2018-02-24 01:50:12,472 - gitissues.issues - DEBUG - Remaining 4978 requests limit for this hour.
2018-02-24 01:50:12,474 - gitissues.issues - INFO - Filtering updated and deleted items...
2018-02-24 01:50:12,551 - gitissues.issues - INFO - 0 updates to be fetched...
2018-02-24 01:50:12,552 - gitissues.issues - INFO - 0 deletes to be executed...
2018-02-24 01:52:02,427 - gitissues - INFO - Start fetching issues from Github...
2018-02-24 01:52:02,428 - gitissues.issues - INFO - Check git remote status before further updates: 
2018-02-24 01:52:09,283 - gitissues.issues - INFO - Already up-to-date.

2018-02-24 01:52:09,284 - gitissues.issues - INFO - Now retriving [https://api.github.com/repos/solomonxie/solomonxie.github.io/issues?client_id=0c08b801005ee3005ded&client_secret=da1a866f28556cc27e6ee12ca7c07c35bb548e5b]...
2018-02-24 01:52:11,247 - gitissues.issues - DEBUG - Remaining 4977 requests limit for this hour.
2018-02-24 01:52:11,249 - gitissues.issues - INFO - Filtering updated and deleted items...
2018-02-24 01:52:11,339 - gitissues.issues - INFO - 0 updates to be fetched...
2018-02-24 01:52:11,341 - gitissues.issues - INFO - 0 deletes to be executed...
2018-02-24 01:54:02,177 - gitissues - INFO - Start fetching issues from Github...
2018-02-24 01:54:02,179 - gitissues.issues - INFO - Check git remote status before further updates: 
2018-02-24 01:54:12,097 - gitissues.issues - INFO - Already up-to-date.

2018-02-24 01:54:12,099 - gitissues.issues - INFO - Now retriving [https://api.github.com/repos/solomonxie/solomonxie.github.io/issues?client_id=0c08b801005ee3005ded&client_secret=da1a866f28556cc27e6ee12ca7c07c35bb548e5b]...
2018-02-24 01:54:19,109 - gitissues.issues - DEBUG - Remaining 4976 requests limit for this hour.
2018-02-24 01:54:19,111 - gitissues.issues - INFO - Filtering updated and deleted items...
2018-02-24 01:54:19,187 - gitissues.issues - INFO - 0 updates to be fetched...
2018-02-24 01:54:19,189 - gitissues.issues - INFO - 0 deletes to be executed...
2018-02-24 01:56:02,061 - gitissues - INFO - Start fetching issues from Github...
2018-02-24 01:56:02,063 - gitissues.issues - INFO - Check git remote status before further updates: 
2018-02-24 01:56:09,162 - gitissues.issues - INFO - Already up-to-date.

2018-02-24 01:56:09,163 - gitissues.issues - INFO - Now retriving [https://api.github.com/repos/solomonxie/solomonxie.github.io/issues?client_id=0c08b801005ee3005ded&client_secret=da1a866f28556cc27e6ee12ca7c07c35bb548e5b]...
2018-02-24 01:56:11,219 - gitissues.issues - DEBUG - Remaining 4975 requests limit for this hour.
2018-02-24 01:56:11,221 - gitissues.issues - INFO - Filtering updated and deleted items...
2018-02-24 01:56:11,297 - gitissues.issues - INFO - 0 updates to be fetched...
2018-02-24 01:56:11,298 - gitissues.issues - INFO - 0 deletes to be executed...
2018-02-24 01:58:02,205 - gitissues - INFO - Start fetching issues from Github...
2018-02-24 01:58:02,207 - gitissues.issues - INFO - Check git remote status before further updates: 
2018-02-24 01:58:12,222 - gitissues.issues - INFO - Already up-to-date.

2018-02-24 01:58:12,225 - gitissues.issues - INFO - Now retriving [https://api.github.com/repos/solomonxie/solomonxie.github.io/issues?client_id=0c08b801005ee3005ded&client_secret=da1a866f28556cc27e6ee12ca7c07c35bb548e5b]...
2018-02-24 01:58:14,171 - gitissues.issues - DEBUG - Remaining 4974 requests limit for this hour.
2018-02-24 01:58:14,173 - gitissues.issues - INFO - Filtering updated and deleted items...
2018-02-24 01:58:14,249 - gitissues.issues - INFO - 0 updates to be fetched...
2018-02-24 01:58:14,251 - gitissues.issues - INFO - 0 deletes to be executed...
2018-02-24 02:00:02,134 - gitissues - INFO - Start fetching issues from Github...
2018-02-24 02:00:02,136 - gitissues.issues - INFO - Check git remote status before further updates: 
2018-02-24 02:00:11,853 - gitissues.issues - INFO - Already up-to-date.

2018-02-24 02:00:11,855 - gitissues.issues - INFO - Now retriving [https://api.github.com/repos/solomonxie/solomonxie.github.io/issues?client_id=0c08b801005ee3005ded&client_secret=da1a866f28556cc27e6ee12ca7c07c35bb548e5b]...
2018-02-24 02:00:21,635 - gitissues.issues - DEBUG - Remaining 4973 requests limit for this hour.
2018-02-24 02:00:21,637 - gitissues.issues - INFO - Filtering updated and deleted items...
2018-02-24 02:00:21,713 - gitissues.issues - INFO - 0 updates to be fetched...
2018-02-24 02:00:21,715 - gitissues.issues - INFO - 0 deletes to be executed...
2018-02-24 02:02:02,338 - gitissues - INFO - Start fetching issues from Github...
2018-02-24 02:02:02,340 - gitissues.issues - INFO - Check git remote status before further updates: 
2018-02-24 02:02:08,971 - gitissues.issues - INFO - Already up-to-date.

2018-02-24 02:02:08,972 - gitissues.issues - INFO - Now retriving [https://api.github.com/repos/solomonxie/solomonxie.github.io/issues?client_id=0c08b801005ee3005ded&client_secret=da1a866f28556cc27e6ee12ca7c07c35bb548e5b]...
2018-02-24 02:02:15,877 - gitissues.issues - DEBUG - Remaining 4972 requests limit for this hour.
2018-02-24 02:02:15,878 - gitissues.issues - INFO - Filtering updated and deleted items...
2018-02-24 02:02:15,955 - gitissues.issues - INFO - 0 updates to be fetched...
2018-02-24 02:02:15,956 - gitissues.issues - INFO - 0 deletes to be executed...
2018-02-24 02:04:01,852 - gitissues - INFO - Start fetching issues from Github...
2018-02-24 02:04:01,854 - gitissues.issues - INFO - Check git remote status before further updates: 
2018-02-24 02:04:09,736 - gitissues.issues - INFO - Already up-to-date.

2018-02-24 02:04:09,738 - gitissues.issues - INFO - Now retriving [https://api.github.com/repos/solomonxie/solomonxie.github.io/issues?client_id=0c08b801005ee3005ded&client_secret=da1a866f28556cc27e6ee12ca7c07c35bb548e5b]...
2018-02-24 02:04:11,792 - gitissues.issues - DEBUG - Remaining 4971 requests limit for this hour.
2018-02-24 02:04:11,796 - gitissues.issues - INFO - Filtering updated and deleted items...
2018-02-24 02:04:11,878 - gitissues.issues - INFO - 0 updates to be fetched...
2018-02-24 02:04:11,880 - gitissues.issues - INFO - 0 deletes to be executed...
2018-02-24 02:06:01,770 - gitissues - INFO - Start fetching issues from Github...
2018-02-24 02:06:01,772 - gitissues.issues - INFO - Check git remote status before further updates: 
2018-02-24 02:06:09,314 - gitissues.issues - INFO - Already up-to-date.

2018-02-24 02:06:09,315 - gitissues.issues - INFO - Now retriving [https://api.github.com/repos/solomonxie/solomonxie.github.io/issues?client_id=0c08b801005ee3005ded&client_secret=da1a866f28556cc27e6ee12ca7c07c35bb548e5b]...
2018-02-24 02:06:11,467 - gitissues.issues - DEBUG - Remaining 4970 requests limit for this hour.
2018-02-24 02:06:11,469 - gitissues.issues - INFO - Filtering updated and deleted items...
2018-02-24 02:06:11,545 - gitissues.issues - INFO - 0 updates to be fetched...
2018-02-24 02:06:11,546 - gitissues.issues - INFO - 0 deletes to be executed...
2018-02-24 02:08:02,427 - gitissues - INFO - Start fetching issues from Github...
2018-02-24 02:08:02,429 - gitissues.issues - INFO - Check git remote status before further updates: 
2018-02-24 02:08:12,253 - gitissues.issues - INFO - Already up-to-date.

2018-02-24 02:08:12,254 - gitissues.issues - INFO - Now retriving [https://api.github.com/repos/solomonxie/solomonxie.github.io/issues?client_id=0c08b801005ee3005ded&client_secret=da1a866f28556cc27e6ee12ca7c07c35bb548e5b]...
2018-02-24 02:08:14,350 - gitissues.issues - DEBUG - Remaining 4999 requests limit for this hour.
2018-02-24 02:08:14,352 - gitissues.issues - INFO - Filtering updated and deleted items...
2018-02-24 02:08:14,433 - gitissues.issues - INFO - 0 updates to be fetched...
2018-02-24 02:08:14,434 - gitissues.issues - INFO - 0 deletes to be executed...
2018-02-24 02:10:02,653 - gitissues - INFO - Start fetching issues from Github...
2018-02-24 02:10:02,657 - gitissues.issues - INFO - Check git remote status before further updates: 
2018-02-24 02:10:11,017 - gitissues.issues - INFO - Already up-to-date.

2018-02-24 02:10:11,019 - gitissues.issues - INFO - Now retriving [https://api.github.com/repos/solomonxie/solomonxie.github.io/issues?client_id=0c08b801005ee3005ded&client_secret=da1a866f28556cc27e6ee12ca7c07c35bb548e5b]...
2018-02-24 02:10:18,410 - gitissues.issues - DEBUG - Remaining 4998 requests limit for this hour.
2018-02-24 02:10:18,412 - gitissues.issues - INFO - Filtering updated and deleted items...
2018-02-24 02:10:18,501 - gitissues.issues - INFO - 0 updates to be fetched...
2018-02-24 02:10:18,502 - gitissues.issues - INFO - 0 deletes to be executed...
2018-02-24 02:12:02,387 - gitissues - INFO - Start fetching issues from Github...
2018-02-24 02:12:02,388 - gitissues.issues - INFO - Check git remote status before further updates: 
2018-02-24 02:12:12,404 - gitissues.issues - INFO - Already up-to-date.

2018-02-24 02:12:12,406 - gitissues.issues - INFO - Now retriving [https://api.github.com/repos/solomonxie/solomonxie.github.io/issues?client_id=0c08b801005ee3005ded&client_secret=da1a866f28556cc27e6ee12ca7c07c35bb548e5b]...
2018-02-24 02:12:14,217 - gitissues.issues - DEBUG - Remaining 4997 requests limit for this hour.
2018-02-24 02:12:14,218 - gitissues.issues - INFO - Filtering updated and deleted items...
2018-02-24 02:12:14,297 - gitissues.issues - INFO - 0 updates to be fetched...
2018-02-24 02:12:14,298 - gitissues.issues - INFO - 0 deletes to be executed...
2018-02-24 02:14:02,203 - gitissues - INFO - Start fetching issues from Github...
2018-02-24 02:14:02,205 - gitissues.issues - INFO - Check git remote status before further updates: 
2018-02-24 02:14:08,912 - gitissues.issues - INFO - Already up-to-date.

2018-02-24 02:14:08,914 - gitissues.issues - INFO - Now retriving [https://api.github.com/repos/solomonxie/solomonxie.github.io/issues?client_id=0c08b801005ee3005ded&client_secret=da1a866f28556cc27e6ee12ca7c07c35bb548e5b]...
2018-02-24 02:14:15,706 - gitissues.issues - DEBUG - Remaining 4996 requests limit for this hour.
2018-02-24 02:14:15,707 - gitissues.issues - INFO - Filtering updated and deleted items...
2018-02-24 02:14:15,747 - gitissues.issues - INFO - 0 updates to be fetched...
2018-02-24 02:14:15,748 - gitissues.issues - INFO - 0 deletes to be executed...
2018-02-24 02:16:02,584 - gitissues - INFO - Start fetching issues from Github...
2018-02-24 02:16:02,585 - gitissues.issues - INFO - Check git remote status before further updates: 
2018-02-24 02:16:12,545 - gitissues.issues - INFO - Already up-to-date.

2018-02-24 02:16:12,547 - gitissues.issues - INFO - Now retriving [https://api.github.com/repos/solomonxie/solomonxie.github.io/issues?client_id=0c08b801005ee3005ded&client_secret=da1a866f28556cc27e6ee12ca7c07c35bb548e5b]...
2018-02-24 02:16:14,463 - gitissues.issues - DEBUG - Remaining 4995 requests limit for this hour.
2018-02-24 02:16:14,464 - gitissues.issues - INFO - Filtering updated and deleted items...
2018-02-24 02:16:14,541 - gitissues.issues - INFO - 0 updates to be fetched...
2018-02-24 02:16:14,542 - gitissues.issues - INFO - 0 deletes to be executed...
2018-02-24 02:18:02,485 - gitissues - INFO - Start fetching issues from Github...
2018-02-24 02:18:02,487 - gitissues.issues - INFO - Check git remote status before further updates: 
2018-02-24 02:18:08,819 - gitissues.issues - INFO - Already up-to-date.

2018-02-24 02:18:08,821 - gitissues.issues - INFO - Now retriving [https://api.github.com/repos/solomonxie/solomonxie.github.io/issues?client_id=0c08b801005ee3005ded&client_secret=da1a866f28556cc27e6ee12ca7c07c35bb548e5b]...
2018-02-24 02:18:10,819 - gitissues.issues - DEBUG - Remaining 4994 requests limit for this hour.
2018-02-24 02:18:10,821 - gitissues.issues - INFO - Filtering updated and deleted items...
2018-02-24 02:18:10,898 - gitissues.issues - INFO - 0 updates to be fetched...
2018-02-24 02:18:10,899 - gitissues.issues - INFO - 0 deletes to be executed...
2018-02-24 02:20:01,731 - gitissues - INFO - Start fetching issues from Github...
2018-02-24 02:20:01,733 - gitissues.issues - INFO - Check git remote status before further updates: 
2018-02-24 02:20:10,975 - gitissues.issues - INFO - Already up-to-date.

2018-02-24 02:20:10,977 - gitissues.issues - INFO - Now retriving [https://api.github.com/repos/solomonxie/solomonxie.github.io/issues?client_id=0c08b801005ee3005ded&client_secret=da1a866f28556cc27e6ee12ca7c07c35bb548e5b]...
2018-02-24 02:20:13,177 - gitissues.issues - DEBUG - Remaining 4993 requests limit for this hour.
2018-02-24 02:20:13,178 - gitissues.issues - INFO - Filtering updated and deleted items...
2018-02-24 02:20:13,217 - gitissues.issues - INFO - 0 updates to be fetched...
2018-02-24 02:20:13,218 - gitissues.issues - INFO - 0 deletes to be executed...
2018-02-24 02:22:02,046 - gitissues - INFO - Start fetching issues from Github...
2018-02-24 02:22:02,048 - gitissues.issues - INFO - Check git remote status before further updates: 
2018-02-24 02:22:08,770 - gitissues.issues - INFO - Already up-to-date.

2018-02-24 02:22:08,772 - gitissues.issues - INFO - Now retriving [https://api.github.com/repos/solomonxie/solomonxie.github.io/issues?client_id=0c08b801005ee3005ded&client_secret=da1a866f28556cc27e6ee12ca7c07c35bb548e5b]...
2018-02-24 02:22:15,503 - gitissues.issues - DEBUG - Remaining 4992 requests limit for this hour.
2018-02-24 02:22:15,506 - gitissues.issues - INFO - Filtering updated and deleted items...
2018-02-24 02:22:15,582 - gitissues.issues - INFO - 0 updates to be fetched...
2018-02-24 02:22:15,584 - gitissues.issues - INFO - 0 deletes to be executed...
2018-02-24 02:24:02,108 - gitissues - INFO - Start fetching issues from Github...
2018-02-24 02:24:02,109 - gitissues.issues - INFO - Check git remote status before further updates: 
2018-02-24 02:24:08,742 - gitissues.issues - INFO - Already up-to-date.

2018-02-24 02:24:08,744 - gitissues.issues - INFO - Now retriving [https://api.github.com/repos/solomonxie/solomonxie.github.io/issues?client_id=0c08b801005ee3005ded&client_secret=da1a866f28556cc27e6ee12ca7c07c35bb548e5b]...
2018-02-24 02:24:10,723 - gitissues.issues - DEBUG - Remaining 4991 requests limit for this hour.
2018-02-24 02:24:10,725 - gitissues.issues - INFO - Filtering updated and deleted items...
2018-02-24 02:24:10,801 - gitissues.issues - INFO - 0 updates to be fetched...
2018-02-24 02:24:10,803 - gitissues.issues - INFO - 0 deletes to be executed...
2018-02-24 02:26:02,319 - gitissues - INFO - Start fetching issues from Github...
2018-02-24 02:26:02,320 - gitissues.issues - INFO - Check git remote status before further updates: 
2018-02-24 02:26:12,122 - gitissues.issues - INFO - Already up-to-date.

2018-02-24 02:26:12,125 - gitissues.issues - INFO - Now retriving [https://api.github.com/repos/solomonxie/solomonxie.github.io/issues?client_id=0c08b801005ee3005ded&client_secret=da1a866f28556cc27e6ee12ca7c07c35bb548e5b]...
2018-02-24 02:26:14,095 - gitissues.issues - DEBUG - Remaining 4990 requests limit for this hour.
2018-02-24 02:26:14,096 - gitissues.issues - INFO - Filtering updated and deleted items...
2018-02-24 02:26:14,174 - gitissues.issues - INFO - 0 updates to be fetched...
2018-02-24 02:26:14,176 - gitissues.issues - INFO - 0 deletes to be executed...
2018-02-24 02:28:01,980 - gitissues - INFO - Start fetching issues from Github...
2018-02-24 02:28:01,982 - gitissues.issues - INFO - Check git remote status before further updates: 
2018-02-24 02:28:08,795 - gitissues.issues - INFO - Already up-to-date.

2018-02-24 02:28:08,797 - gitissues.issues - INFO - Now retriving [https://api.github.com/repos/solomonxie/solomonxie.github.io/issues?client_id=0c08b801005ee3005ded&client_secret=da1a866f28556cc27e6ee12ca7c07c35bb548e5b]...
2018-02-24 02:28:10,776 - gitissues.issues - DEBUG - Remaining 4989 requests limit for this hour.
2018-02-24 02:28:10,778 - gitissues.issues - INFO - Filtering updated and deleted items...
2018-02-24 02:28:10,854 - gitissues.issues - INFO - 0 updates to be fetched...
2018-02-24 02:28:10,855 - gitissues.issues - INFO - 0 deletes to be executed...
2018-02-24 02:30:02,404 - gitissues - INFO - Start fetching issues from Github...
2018-02-24 02:30:02,405 - gitissues.issues - INFO - Check git remote status before further updates: 
2018-02-24 02:30:13,452 - gitissues.issues - INFO - Already up-to-date.

2018-02-24 02:30:13,454 - gitissues.issues - INFO - Now retriving [https://api.github.com/repos/solomonxie/solomonxie.github.io/issues?client_id=0c08b801005ee3005ded&client_secret=da1a866f28556cc27e6ee12ca7c07c35bb548e5b]...
2018-02-24 02:30:15,687 - gitissues.issues - DEBUG - Remaining 4988 requests limit for this hour.
2018-02-24 02:30:15,689 - gitissues.issues - INFO - Filtering updated and deleted items...
2018-02-24 02:30:15,765 - gitissues.issues - INFO - 0 updates to be fetched...
2018-02-24 02:30:15,767 - gitissues.issues - INFO - 0 deletes to be executed...
2018-02-24 02:32:02,653 - gitissues - INFO - Start fetching issues from Github...
2018-02-24 02:32:02,655 - gitissues.issues - INFO - Check git remote status before further updates: 
2018-02-24 02:32:08,694 - gitissues.issues - INFO - Already up-to-date.

2018-02-24 02:32:08,696 - gitissues.issues - INFO - Now retriving [https://api.github.com/repos/solomonxie/solomonxie.github.io/issues?client_id=0c08b801005ee3005ded&client_secret=da1a866f28556cc27e6ee12ca7c07c35bb548e5b]...
2018-02-24 02:32:10,601 - gitissues.issues - DEBUG - Remaining 4987 requests limit for this hour.
2018-02-24 02:32:10,602 - gitissues.issues - INFO - Filtering updated and deleted items...
2018-02-24 02:32:10,642 - gitissues.issues - INFO - 0 updates to be fetched...
2018-02-24 02:32:10,643 - gitissues.issues - INFO - 0 deletes to be executed...
2018-02-24 02:34:02,154 - gitissues - INFO - Start fetching issues from Github...
2018-02-24 02:34:02,156 - gitissues.issues - INFO - Check git remote status before further updates: 
2018-02-24 02:34:11,758 - gitissues.issues - INFO - Already up-to-date.

2018-02-24 02:34:11,759 - gitissues.issues - INFO - Now retriving [https://api.github.com/repos/solomonxie/solomonxie.github.io/issues?client_id=0c08b801005ee3005ded&client_secret=da1a866f28556cc27e6ee12ca7c07c35bb548e5b]...
2018-02-24 02:34:13,533 - gitissues.issues - DEBUG - Remaining 4986 requests limit for this hour.
2018-02-24 02:34:13,535 - gitissues.issues - INFO - Filtering updated and deleted items...
2018-02-24 02:34:13,612 - gitissues.issues - INFO - 0 updates to be fetched...
2018-02-24 02:34:13,613 - gitissues.issues - INFO - 0 deletes to be executed...
2018-02-24 02:36:02,398 - gitissues - INFO - Start fetching issues from Github...
2018-02-24 02:36:02,400 - gitissues.issues - INFO - Check git remote status before further updates: 
2018-02-24 02:36:08,816 - gitissues.issues - INFO - Already up-to-date.

2018-02-24 02:36:08,818 - gitissues.issues - INFO - Now retriving [https://api.github.com/repos/solomonxie/solomonxie.github.io/issues?client_id=0c08b801005ee3005ded&client_secret=da1a866f28556cc27e6ee12ca7c07c35bb548e5b]...
2018-02-24 02:36:10,710 - gitissues.issues - DEBUG - Remaining 4985 requests limit for this hour.
2018-02-24 02:36:10,712 - gitissues.issues - INFO - Filtering updated and deleted items...
2018-02-24 02:36:10,794 - gitissues.issues - INFO - 0 updates to be fetched...
2018-02-24 02:36:10,797 - gitissues.issues - INFO - 0 deletes to be executed...
2018-02-24 02:38:02,725 - gitissues - INFO - Start fetching issues from Github...
2018-02-24 02:38:02,727 - gitissues.issues - INFO - Check git remote status before further updates: 
2018-02-24 02:38:12,613 - gitissues.issues - INFO - Already up-to-date.

2018-02-24 02:38:12,615 - gitissues.issues - INFO - Now retriving [https://api.github.com/repos/solomonxie/solomonxie.github.io/issues?client_id=0c08b801005ee3005ded&client_secret=da1a866f28556cc27e6ee12ca7c07c35bb548e5b]...
2018-02-24 02:38:14,657 - gitissues.issues - DEBUG - Remaining 4984 requests limit for this hour.
2018-02-24 02:38:14,658 - gitissues.issues - INFO - Filtering updated and deleted items...
2018-02-24 02:38:14,698 - gitissues.issues - INFO - 0 updates to be fetched...
2018-02-24 02:38:14,698 - gitissues.issues - INFO - 0 deletes to be executed...
2018-02-24 02:40:01,824 - gitissues - INFO - Start fetching issues from Github...
2018-02-24 02:40:01,825 - gitissues.issues - INFO - Check git remote status before further updates: 
2018-02-24 02:40:12,506 - gitissues.issues - INFO - Already up-to-date.

2018-02-24 02:40:12,507 - gitissues.issues - INFO - Now retriving [https://api.github.com/repos/solomonxie/solomonxie.github.io/issues?client_id=0c08b801005ee3005ded&client_secret=da1a866f28556cc27e6ee12ca7c07c35bb548e5b]...
2018-02-24 02:40:14,300 - gitissues.issues - DEBUG - Remaining 4983 requests limit for this hour.
2018-02-24 02:40:14,302 - gitissues.issues - INFO - Filtering updated and deleted items...
2018-02-24 02:40:14,391 - gitissues.issues - INFO - 0 updates to be fetched...
2018-02-24 02:40:14,393 - gitissues.issues - INFO - 0 deletes to be executed...
2018-02-24 02:42:02,282 - gitissues - INFO - Start fetching issues from Github...
2018-02-24 02:42:02,283 - gitissues.issues - INFO - Check git remote status before further updates: 
2018-02-24 02:42:12,328 - gitissues.issues - INFO - Already up-to-date.

2018-02-24 02:42:12,330 - gitissues.issues - INFO - Now retriving [https://api.github.com/repos/solomonxie/solomonxie.github.io/issues?client_id=0c08b801005ee3005ded&client_secret=da1a866f28556cc27e6ee12ca7c07c35bb548e5b]...
2018-02-24 02:42:19,338 - gitissues.issues - DEBUG - Remaining 4982 requests limit for this hour.
2018-02-24 02:42:19,340 - gitissues.issues - INFO - Filtering updated and deleted items...
2018-02-24 02:42:19,416 - gitissues.issues - INFO - 0 updates to be fetched...
2018-02-24 02:42:19,418 - gitissues.issues - INFO - 0 deletes to be executed...
2018-02-24 02:44:02,345 - gitissues - INFO - Start fetching issues from Github...
2018-02-24 02:44:02,347 - gitissues.issues - INFO - Check git remote status before further updates: 
2018-02-24 02:44:09,335 - gitissues.issues - INFO - Already up-to-date.

2018-02-24 02:44:09,337 - gitissues.issues - INFO - Now retriving [https://api.github.com/repos/solomonxie/solomonxie.github.io/issues?client_id=0c08b801005ee3005ded&client_secret=da1a866f28556cc27e6ee12ca7c07c35bb548e5b]...
2018-02-24 02:44:11,175 - gitissues.issues - DEBUG - Remaining 4981 requests limit for this hour.
2018-02-24 02:44:11,176 - gitissues.issues - INFO - Filtering updated and deleted items...
2018-02-24 02:44:11,254 - gitissues.issues - INFO - 0 updates to be fetched...
2018-02-24 02:44:11,256 - gitissues.issues - INFO - 0 deletes to be executed...
2018-02-24 02:46:02,097 - gitissues - INFO - Start fetching issues from Github...
2018-02-24 02:46:02,098 - gitissues.issues - INFO - Check git remote status before further updates: 
2018-02-24 02:46:09,145 - gitissues.issues - INFO - Already up-to-date.

2018-02-24 02:46:09,147 - gitissues.issues - INFO - Now retriving [https://api.github.com/repos/solomonxie/solomonxie.github.io/issues?client_id=0c08b801005ee3005ded&client_secret=da1a866f28556cc27e6ee12ca7c07c35bb548e5b]...
2018-02-24 02:46:11,326 - gitissues.issues - DEBUG - Remaining 4980 requests limit for this hour.
2018-02-24 02:46:11,327 - gitissues.issues - INFO - Filtering updated and deleted items...
2018-02-24 02:46:11,412 - gitissues.issues - INFO - 0 updates to be fetched...
2018-02-24 02:46:11,414 - gitissues.issues - INFO - 0 deletes to be executed...
2018-02-24 02:48:02,227 - gitissues - INFO - Start fetching issues from Github...
2018-02-24 02:48:02,229 - gitissues.issues - INFO - Check git remote status before further updates: 
2018-02-24 02:48:09,526 - gitissues.issues - INFO - Already up-to-date.

2018-02-24 02:48:09,529 - gitissues.issues - INFO - Now retriving [https://api.github.com/repos/solomonxie/solomonxie.github.io/issues?client_id=0c08b801005ee3005ded&client_secret=da1a866f28556cc27e6ee12ca7c07c35bb548e5b]...
2018-02-24 02:48:11,724 - gitissues.issues - DEBUG - Remaining 4979 requests limit for this hour.
2018-02-24 02:48:11,727 - gitissues.issues - INFO - Filtering updated and deleted items...
2018-02-24 02:48:11,803 - gitissues.issues - INFO - 0 updates to be fetched...
2018-02-24 02:48:11,805 - gitissues.issues - INFO - 0 deletes to be executed...
2018-02-24 02:50:02,712 - gitissues - INFO - Start fetching issues from Github...
2018-02-24 02:50:02,715 - gitissues.issues - INFO - Check git remote status before further updates: 
2018-02-24 02:50:13,586 - gitissues.issues - INFO - Already up-to-date.

2018-02-24 02:50:13,588 - gitissues.issues - INFO - Now retriving [https://api.github.com/repos/solomonxie/solomonxie.github.io/issues?client_id=0c08b801005ee3005ded&client_secret=da1a866f28556cc27e6ee12ca7c07c35bb548e5b]...
2018-02-24 02:50:20,488 - gitissues.issues - DEBUG - Remaining 4978 requests limit for this hour.
2018-02-24 02:50:20,494 - gitissues.issues - INFO - Filtering updated and deleted items...
2018-02-24 02:50:20,571 - gitissues.issues - INFO - 0 updates to be fetched...
2018-02-24 02:50:20,573 - gitissues.issues - INFO - 0 deletes to be executed...
2018-02-24 02:52:02,439 - gitissues - INFO - Start fetching issues from Github...
2018-02-24 02:52:02,440 - gitissues.issues - INFO - Check git remote status before further updates: 
2018-02-24 02:52:09,313 - gitissues.issues - INFO - Already up-to-date.

2018-02-24 02:52:09,315 - gitissues.issues - INFO - Now retriving [https://api.github.com/repos/solomonxie/solomonxie.github.io/issues?client_id=0c08b801005ee3005ded&client_secret=da1a866f28556cc27e6ee12ca7c07c35bb548e5b]...
2018-02-24 02:52:11,293 - gitissues.issues - DEBUG - Remaining 4977 requests limit for this hour.
2018-02-24 02:52:11,295 - gitissues.issues - INFO - Filtering updated and deleted items...
2018-02-24 02:52:11,371 - gitissues.issues - INFO - 1 updates to be fetched...
2018-02-24 02:52:11,372 - gitissues.issues - INFO - 0 deletes to be executed...
2018-02-24 02:52:11,404 - gitissues.issue - ERROR - An error occured when requesting from Github:
Config instance has no attribute 'comments_url'
2018-02-24 02:52:11,405 - gitissues.issue - INFO - Mission aborted.
2018-02-24 02:52:12,148 - gitissues.repo_mapping - INFO - Generated 30 issues from [solomonxie.github.io] to markdown file.
