2018-02-23 23:21:02,495 - gitissues - INFO - Start fetching issues from Github...
2018-02-23 23:21:02,496 - gitissues.issues - INFO - Check git remote status before further updates: 
2018-02-23 23:22:02,703 - gitissues - INFO - Start fetching issues from Github...
2018-02-23 23:22:02,704 - gitissues.issues - INFO - Check git remote status before further updates: 
2018-02-23 23:22:09,712 - gitissues.issues - INFO - 
Already up-to-date.

2018-02-23 23:22:10,141 - gitissues.issues - INFO - Now retriving [https://api.github.com/repos/solomonxie/solomonxie.github.io/issues?client_id=0c08b801005ee3005ded&client_secret=da1a866f28556cc27e6ee12ca7c07c35bb548e5b]...
2018-02-23 23:22:11,665 - gitissues.issues - INFO - 
Already up-to-date.

2018-02-23 23:22:11,842 - gitissues.issues - INFO - Now retriving [https://api.github.com/repos/solomonxie/solomonxie.github.io/issues?client_id=0c08b801005ee3005ded&client_secret=da1a866f28556cc27e6ee12ca7c07c35bb548e5b]...
2018-02-23 23:22:13,840 - gitissues.issues - DEBUG - Remaining 4997 requests limit for this hour.
2018-02-23 23:22:13,841 - gitissues.issues - INFO - Filtering updated and deleted items...
2018-02-23 23:22:13,917 - gitissues.issues - INFO - 0 updates to be fetched...
2018-02-23 23:22:13,918 - gitissues.issues - INFO - 0 deletes to be executed...
2018-02-23 23:22:13,971 - gitissues - INFO - Finished fetching issues from Github.

2018-02-23 23:24:01,925 - gitissues - INFO - Start fetching issues from Github...
2018-02-23 23:24:01,926 - gitissues.issues - INFO - Check git remote status before further updates: 
2018-02-23 23:26:02,079 - gitissues - INFO - Start fetching issues from Github...
2018-02-23 23:26:02,080 - gitissues.issues - INFO - Check git remote status before further updates: 
2018-02-23 23:28:02,063 - gitissues - INFO - Start fetching issues from Github...
2018-02-23 23:28:02,065 - gitissues.issues - INFO - Check git remote status before further updates: 
2018-02-23 23:30:40,128 - gitissues.issues - INFO - 
ssh: connect to host github.com port 22: Connection timed out
fatal: Could not read from remote repository.

Please make sure you have the correct access rights
and the repository exists.

2018-02-23 23:30:40,295 - gitissues.issues - INFO - Now retriving [https://api.github.com/repos/solomonxie/solomonxie.github.io/issues?client_id=0c08b801005ee3005ded&client_secret=da1a866f28556cc27e6ee12ca7c07c35bb548e5b]...
2018-02-23 23:32:48,132 - gitissues.issues - INFO - 
ssh: connect to host github.com port 22: Connection timed out
fatal: Could not read from remote repository.

Please make sure you have the correct access rights
and the repository exists.

2018-02-23 23:32:48,631 - gitissues.issues - INFO - Now retriving [https://api.github.com/repos/solomonxie/solomonxie.github.io/issues?client_id=0c08b801005ee3005ded&client_secret=da1a866f28556cc27e6ee12ca7c07c35bb548e5b]...
2018-02-23 23:32:56,101 - gitissues.issues - DEBUG - Remaining 4996 requests limit for this hour.
2018-02-23 23:32:56,103 - gitissues.issues - INFO - Filtering updated and deleted items...
2018-02-23 23:32:56,186 - gitissues.issues - INFO - 0 updates to be fetched...
2018-02-23 23:32:56,187 - gitissues.issues - INFO - 0 deletes to be executed...
2018-02-23 23:32:56,217 - gitissues - INFO - Finished fetching issues from Github.

2018-02-23 23:33:09,936 - gitissues.issues - INFO - 
Already up-to-date.

2018-02-23 23:33:10,112 - gitissues.issues - INFO - Now retriving [https://api.github.com/repos/solomonxie/solomonxie.github.io/issues?client_id=0c08b801005ee3005ded&client_secret=da1a866f28556cc27e6ee12ca7c07c35bb548e5b]...
2018-02-23 23:59:35,586 - gitissues - INFO - Start fetching issues from Github...
2018-02-23 23:59:35,589 - gitissues.issues - INFO - Check git remote status before further updates: 
2018-02-23 23:59:40,611 - gitissues.issues - INFO - Already up-to-date.

2018-02-23 23:59:40,612 - gitissues.issues - INFO - Now retriving [https://api.github.com/repos/solomonxie/solomonxie.github.io/issues?client_id=0c08b801005ee3005ded&client_secret=da1a866f28556cc27e6ee12ca7c07c35bb548e5b]...
2018-02-23 23:59:42,597 - gitissues.issues - DEBUG - Remaining 4994 requests limit for this hour.
2018-02-23 23:59:42,598 - gitissues.issues - INFO - Filtering updated and deleted items...
2018-02-23 23:59:42,690 - gitissues.issues - INFO - 0 updates to be fetched...
2018-02-23 23:59:42,691 - gitissues.issues - INFO - 0 deletes to be executed...
